<?xml version="1.0" encoding="UTF-8"?>
<!-- Generated by org.testng.reporters.JUnitXMLReporter -->
<testsuite hostname="dengsh" name="Default test(failed)" tests="1" failures="1" timestamp="13 Sep 2015 10:01:26 GMT" time="58.209" errors="0">
  <testcase name="init" time="58.176" classname="com.kkb.test.steps.BaseStep">
    <failure type="org.openqa.selenium.WebDriverException" message="unknown error: cannot get automation extension
from timeout: Timed out receiving message from renderer: -17.270
  (Session info: chrome=37.0.2062.124)
  (Driver info: chromedriver=2.9.248315,platform=Windows NT 6.3 x86_64) (WARNING: The server did not provide any stacktrace information)
Command duration or timeout: 27.84 seconds
Build info: version: &amp;apos;2.46.0&amp;apos;, revision: &amp;apos;61506a4624b13675f24581e453592342b7485d71&amp;apos;, time: &amp;apos;2015-06-04 10:22:50&amp;apos;
System info: host: &amp;apos;dengsh&amp;apos;, ip: &amp;apos;192.168.254.1&amp;apos;, os.name: &amp;apos;Windows 8.1&amp;apos;, os.arch: &amp;apos;amd64&amp;apos;, os.version: &amp;apos;6.3&amp;apos;, java.version: &amp;apos;1.8.0_05&amp;apos;
Driver info: org.openqa.selenium.chrome.ChromeDriver
Capabilities [{applicationCacheEnabled=false, rotatable=false, chrome={userDataDir=C:\Users\treesea\AppData\Local\Temp\scoped_dir9824_26956}, takesHeapSnapshot=true, databaseEnabled=false, handlesAlerts=true, version=37.0.2062.124, platform=WIN8_1, browserConnectionEnabled=false, nativeEvents=true, acceptSslCerts=true, locationContextEnabled=true, webStorageEnabled=true, browserName=chrome, takesScreenshot=true, javascriptEnabled=true, cssSelectorsEnabled=true}]
Session ID: 8fe0600baa1b5362d81541ea43f62ea0">
      <![CDATA[org.openqa.selenium.WebDriverException: unknown error: cannot get automation extension
from timeout: Timed out receiving message from renderer: -17.270
  (Session info: chrome=37.0.2062.124)
  (Driver info: chromedriver=2.9.248315,platform=Windows NT 6.3 x86_64) (WARNING: The server did not provide any stacktrace information)
Command duration or timeout: 27.84 seconds
Build info: version: '2.46.0', revision: '61506a4624b13675f24581e453592342b7485d71', time: '2015-06-04 10:22:50'
System info: host: 'dengsh', ip: '192.168.254.1', os.name: 'Windows 8.1', os.arch: 'amd64', os.version: '6.3', java.version: '1.8.0_05'
Driver info: org.openqa.selenium.chrome.ChromeDriver
Capabilities [{applicationCacheEnabled=false, rotatable=false, chrome={userDataDir=C:\Users\treesea\AppData\Local\Temp\scoped_dir9824_26956}, takesHeapSnapshot=true, databaseEnabled=false, handlesAlerts=true, version=37.0.2062.124, platform=WIN8_1, browserConnectionEnabled=false, nativeEvents=true, acceptSslCerts=true, locationContextEnabled=true, webStorageEnabled=true, browserName=chrome, takesScreenshot=true, javascriptEnabled=true, cssSelectorsEnabled=true}]
Session ID: 8fe0600baa1b5362d81541ea43f62ea0
	at org.openqa.selenium.remote.ErrorHandler.createThrowable(ErrorHandler.java:204)
	at org.openqa.selenium.remote.ErrorHandler.throwIfResponseFailed(ErrorHandler.java:156)
	at org.openqa.selenium.remote.RemoteWebDriver.execute(RemoteWebDriver.java:605)
	at org.openqa.selenium.remote.RemoteWebDriver$RemoteWebDriverOptions$RemoteWindow.maximize(RemoteWebDriver.java:843)
	at com.kkb.test.util.WebdriverFactory.newInstanceOf(WebdriverFactory.java:85)
	at com.kkb.test.steps.BaseStep.init(BaseStep.java:90)
... Removed 28 stack frames]]>
    </failure>
  </testcase> <!-- init -->
</testsuite> <!-- Default test(failed) -->
