<?xml version="1.0" encoding="UTF-8"?>
<testng-results skipped="0" failed="1" total="2" passed="1">
  <reporter-output>
    <line>
      <![CDATA[<a href="screenshot\2015_09_14_18_56_42_testAvatars.jpg" target="_blank"><img height='200px' src="screenshot\2015_09_14_18_56_42_testAvatars.jpg"/></a>]]>
    </line>
  </reporter-output>
  <suite name="Suite" duration-ms="7299" started-at="2015-09-14T10:56:35Z" finished-at="2015-09-14T10:56:42Z">
    <groups>
    </groups>
    <test name="Test" duration-ms="7299" started-at="2015-09-14T10:56:35Z" finished-at="2015-09-14T10:56:42Z">
      <class name="com.kkb.test.steps.pc.gxb.personcenter.ModifyUserInfoStep">
        <test-method status="PASS" signature="beforeSuite()[pri:0, instance:com.kkb.test.steps.pc.gxb.personcenter.ModifyUserInfoStep@5762806e]" name="beforeSuite" is-config="true" duration-ms="42881" started-at="2015-09-14T18:55:52Z" finished-at="2015-09-14T18:56:35Z">
          <reporter-output>
          </reporter-output>
        </test-method> <!-- beforeSuite -->
        <test-method status="PASS" signature="beforeTest()[pri:0, instance:com.kkb.test.steps.pc.gxb.personcenter.ModifyUserInfoStep@5762806e]" name="beforeTest" is-config="true" duration-ms="1" started-at="2015-09-14T18:56:35Z" finished-at="2015-09-14T18:56:35Z">
          <reporter-output>
          </reporter-output>
        </test-method> <!-- beforeTest -->
        <test-method status="PASS" signature="beforeClass()[pri:0, instance:com.kkb.test.steps.pc.gxb.personcenter.ModifyUserInfoStep@5762806e]" name="beforeClass" is-config="true" duration-ms="0" started-at="2015-09-14T18:56:35Z" finished-at="2015-09-14T18:56:35Z">
          <reporter-output>
          </reporter-output>
        </test-method> <!-- beforeClass -->
        <test-method status="PASS" signature="beforeMethod()[pri:0, instance:com.kkb.test.steps.pc.gxb.personcenter.ModifyUserInfoStep@5762806e]" name="beforeMethod" is-config="true" duration-ms="1" started-at="2015-09-14T18:56:35Z" finished-at="2015-09-14T18:56:35Z">
          <reporter-output>
          </reporter-output>
        </test-method> <!-- beforeMethod -->
        <test-method status="PASS" signature="testUserInfo()[pri:0, instance:com.kkb.test.steps.pc.gxb.personcenter.ModifyUserInfoStep@5762806e]" name="testUserInfo" duration-ms="6433" started-at="2015-09-14T18:56:35Z" description="高校帮-个人中心-个人信息设置 " finished-at="2015-09-14T18:56:41Z">
          <reporter-output>
          </reporter-output>
        </test-method> <!-- testUserInfo -->
        <test-method status="PASS" signature="afterMethod()[pri:0, instance:com.kkb.test.steps.pc.gxb.personcenter.ModifyUserInfoStep@5762806e]" name="afterMethod" is-config="true" duration-ms="1" started-at="2015-09-14T18:56:41Z" finished-at="2015-09-14T18:56:41Z">
          <reporter-output>
          </reporter-output>
        </test-method> <!-- afterMethod -->
        <test-method status="FAIL" signature="testAvatars()[pri:0, instance:com.kkb.test.steps.pc.gxb.personcenter.ModifyUserInfoStep@5762806e]" name="testAvatars" duration-ms="540" started-at="2015-09-14T18:56:41Z" description="高校帮-个人中心-个人信息设置 " finished-at="2015-09-14T18:56:42Z">
          <exception class="java.lang.AssertionError">
            <message>
              <![CDATA[testCurrencyAdd  failed  >> null]]>
            </message>
            <full-stacktrace>
              <![CDATA[java.lang.AssertionError: testCurrencyAdd  failed  >> null
	at org.testng.Assert.fail(Assert.java:94)
	at com.kkb.test.steps.pc.gxb.personcenter.ModifyUserInfoStep.testAvatars(ModifyUserInfoStep.java:63)
	at sun.reflect.NativeMethodAccessorImpl.invoke0(Native Method)
	at sun.reflect.NativeMethodAccessorImpl.invoke(NativeMethodAccessorImpl.java:62)
	at sun.reflect.DelegatingMethodAccessorImpl.invoke(DelegatingMethodAccessorImpl.java:43)
	at java.lang.reflect.Method.invoke(Method.java:483)
	at org.testng.internal.MethodInvocationHelper.invokeMethod(MethodInvocationHelper.java:85)
	at org.testng.internal.Invoker.invokeMethod(Invoker.java:659)
	at org.testng.internal.Invoker.invokeTestMethod(Invoker.java:845)
	at org.testng.internal.Invoker.invokeTestMethods(Invoker.java:1153)
	at org.testng.internal.TestMethodWorker.invokeTestMethods(TestMethodWorker.java:125)
	at org.testng.internal.TestMethodWorker.run(TestMethodWorker.java:108)
	at org.testng.TestRunner.privateRun(TestRunner.java:771)
	at org.testng.TestRunner.run(TestRunner.java:621)
	at org.testng.SuiteRunner.runTest(SuiteRunner.java:357)
	at org.testng.SuiteRunner.access$000(SuiteRunner.java:38)
	at org.testng.SuiteRunner$SuiteWorker.run(SuiteRunner.java:391)
	at org.testng.internal.thread.ThreadUtil$2.call(ThreadUtil.java:64)
	at java.util.concurrent.FutureTask.run(FutureTask.java:266)
	at java.util.concurrent.ThreadPoolExecutor.runWorker(ThreadPoolExecutor.java:1142)
	at java.util.concurrent.ThreadPoolExecutor$Worker.run(ThreadPoolExecutor.java:617)
	at java.lang.Thread.run(Thread.java:745)
]]>
            </full-stacktrace>
          </exception> <!-- java.lang.AssertionError -->
          <reporter-output>
            <line>
              <![CDATA[<a href="screenshot\2015_09_14_18_56_42_testAvatars.jpg" target="_blank"><img height='200px' src="screenshot\2015_09_14_18_56_42_testAvatars.jpg"/></a>]]>
            </line>
          </reporter-output>
        </test-method> <!-- testAvatars -->
        <test-method status="PASS" signature="beforeMethod()[pri:0, instance:com.kkb.test.steps.pc.gxb.personcenter.ModifyUserInfoStep@5762806e]" name="beforeMethod" is-config="true" duration-ms="0" started-at="2015-09-14T18:56:41Z" finished-at="2015-09-14T18:56:41Z">
          <reporter-output>
          </reporter-output>
        </test-method> <!-- beforeMethod -->
        <test-method status="PASS" signature="afterMethod()[pri:0, instance:com.kkb.test.steps.pc.gxb.personcenter.ModifyUserInfoStep@5762806e]" name="afterMethod" is-config="true" duration-ms="1" started-at="2015-09-14T18:56:42Z" finished-at="2015-09-14T18:56:42Z">
          <reporter-output>
          </reporter-output>
        </test-method> <!-- afterMethod -->
        <test-method status="PASS" signature="afterClass()[pri:0, instance:com.kkb.test.steps.pc.gxb.personcenter.ModifyUserInfoStep@5762806e]" name="afterClass" is-config="true" duration-ms="0" started-at="2015-09-14T18:56:42Z" finished-at="2015-09-14T18:56:42Z">
          <reporter-output>
          </reporter-output>
        </test-method> <!-- afterClass -->
        <test-method status="PASS" signature="afterTest()[pri:0, instance:com.kkb.test.steps.pc.gxb.personcenter.ModifyUserInfoStep@5762806e]" name="afterTest" is-config="true" duration-ms="0" started-at="2015-09-14T18:56:42Z" finished-at="2015-09-14T18:56:42Z">
          <reporter-output>
          </reporter-output>
        </test-method> <!-- afterTest -->
        <test-method status="PASS" signature="afterSuite()[pri:0, instance:com.kkb.test.steps.pc.gxb.personcenter.ModifyUserInfoStep@5762806e]" name="afterSuite" is-config="true" duration-ms="537" started-at="2015-09-14T18:56:42Z" finished-at="2015-09-14T18:56:43Z">
          <reporter-output>
          </reporter-output>
        </test-method> <!-- afterSuite -->
      </class> <!-- com.kkb.test.steps.pc.gxb.personcenter.ModifyUserInfoStep -->
    </test> <!-- Test -->
  </suite> <!-- Suite -->
</testng-results>
